<?xml version="1.0" encoding="UTF-8"?>
<!-- Generated by org.testng.reporters.JUnitReportReporter -->
<testsuite hostname="user-PC" failures="0" tests="3" name="Dependency.TestNGDependencyDemo" time="0.027" errors="0" timestamp="2019-09-10T20:19:02 BST" skipped="0">
  <testcase classname="Dependency.TestNGDependencyDemo" name="test2" time="0.022"/>
  <testcase classname="Dependency.TestNGDependencyDemo" name="test3" time="0.003"/>
  <testcase classname="Dependency.TestNGDependencyDemo" name="test1" time="0.002"/>
</testsuite> <!-- Dependency.TestNGDependencyDemo -->
