<?xml version="1.0" encoding="UTF-8"?>
<!-- Generated by org.testng.reporters.JUnitReportReporter -->
<testsuite hostname="user-PC" failures="0" tests="4" name="TestGrouping.TestNGGroupDemo" time="0.040" errors="0" timestamp="2019-09-09T23:24:42 BST" skipped="0">
  <testcase classname="TestGrouping.TestNGGroupDemo" name="test1" time="0.016"/>
  <testcase classname="TestGrouping.TestNGGroupDemo" name="test3" time="0.000"/>
  <testcase classname="TestGrouping.TestNGGroupDemo" name="test4" time="0.024"/>
  <testcase classname="TestGrouping.TestNGGroupDemo" name="test2" time="0.000"/>
</testsuite> <!-- TestGrouping.TestNGGroupDemo -->
