<?xml version="1.0" encoding="UTF-8"?>
<!-- Generated by org.testng.reporters.JUnitReportReporter -->
<testsuite hostname="user-PC" failures="0" tests="3" name="testNGPriority.TestNGPriorityDemo" time="0.048" errors="0" timestamp="2019-09-09T14:50:09 BST" skipped="0">
  <testcase classname="testNGPriority.TestNGPriorityDemo" name="two" time="0.032"/>
  <testcase classname="testNGPriority.TestNGPriorityDemo" name="one" time="0.016"/>
  <testcase classname="testNGPriority.TestNGPriorityDemo" name="three" time="0.000"/>
</testsuite> <!-- testNGPriority.TestNGPriorityDemo -->
