<?xml version="1.0" encoding="UTF-8"?>
<!-- Generated by org.testng.reporters.JUnitReportReporter -->
<testsuite hostname="user-PC" failures="0" tests="1" name="Test.TestNG_Demo2" time="6.168" errors="0" timestamp="2019-08-31T22:53:09 BST" skipped="0">
  <testcase classname="Test.TestNG_Demo2" name="googlesearch" time="6.168"/>
</testsuite> <!-- Test.TestNG_Demo2 -->
