<?xml version="1.0" encoding="UTF-8"?>
<!-- Generated by org.testng.reporters.JUnitReportReporter -->
<testsuite hostname="user-PC" failures="0" tests="3" name="utils.ExcelDataProvider" time="28.171" errors="0" timestamp="2019-09-08T22:39:02 BST" skipped="0">
  <testcase classname="utils.ExcelDataProvider" name="Test1" time="13.149"/>
  <testcase classname="utils.ExcelDataProvider" name="Test1" time="7.598"/>
  <testcase classname="utils.ExcelDataProvider" name="Test1" time="7.424"/>
</testsuite> <!-- utils.ExcelDataProvider -->
