<?xml version="1.0" encoding="UTF-8"?>
<!-- Generated by org.testng.reporters.JUnitReportReporter -->
<testsuite hostname="user-PC" failures="0" tests="1" name="Parameters.TestNGParametersDemo" time="0.031" errors="0" timestamp="2019-09-09T23:45:03 BST" skipped="0">
  <testcase classname="Parameters.TestNGParametersDemo" name="test" time="0.031"/>
</testsuite> <!-- Parameters.TestNGParametersDemo -->
