<?xml version="1.0" encoding="UTF-8"?>
<!-- Generated by org.testng.reporters.JUnitReportReporter -->
<testsuite hostname="user-PC" failures="0" tests="3" name="listeners.TestNGListenerDemo2" time="0.005" errors="0" timestamp="2019-09-09T14:17:35 BST" skipped="0">
  <testcase classname="listeners.TestNGListenerDemo2" name="Test4" time="0.002"/>
  <testcase classname="listeners.TestNGListenerDemo2" name="Test5" time="0.001"/>
  <testcase classname="listeners.TestNGListenerDemo2" name="Test6" time="0.002"/>
</testsuite> <!-- listeners.TestNGListenerDemo2 -->
