<?xml version="1.0" encoding="UTF-8"?>
<!-- Generated by org.testng.reporters.JUnitReportReporter -->
<testsuite hostname="user-PC" failures="0" tests="2" name="IgnoreTest.TestNGIgnoreTestScript" time="0.020" errors="0" timestamp="2019-09-10T20:34:24 BST" skipped="1">
  <testcase classname="IgnoreTest.TestNGIgnoreTestScript" name="test2" time="0.020"/>
  <testcase classname="IgnoreTest.TestNGIgnoreTestScript" name="test1">
    <skipped/>
  </testcase> <!-- test1 -->
</testsuite> <!-- IgnoreTest.TestNGIgnoreTestScript -->
