<?xml version="1.0" encoding="UTF-8"?>
<!-- Generated by org.testng.reporters.JUnitReportReporter -->
<testsuite hostname="user-PC" failures="0" tests="2" name="IgnoreTest.TestNGIgnoreDemo" time="0.022" errors="0" timestamp="2019-09-10T20:30:52 BST" skipped="1">
  <testcase classname="IgnoreTest.TestNGIgnoreDemo" name="test2" time="0.022"/>
  <testcase classname="IgnoreTest.TestNGIgnoreDemo" name="test1">
    <skipped/>
  </testcase> <!-- test1 -->
</testsuite> <!-- IgnoreTest.TestNGIgnoreDemo -->
