<?xml version="1.0" encoding="UTF-8"?>
<!-- Generated by org.testng.reporters.JUnitReportReporter -->
<testsuite hostname="user-PC" failures="0" tests="1" name="Test.Test1_GoogleSearch" time="8.871" errors="0" timestamp="2019-09-02T01:09:02 BST" skipped="0">
  <testcase classname="Test.Test1_GoogleSearch" name="googlesearch2" time="8.871"/>
</testsuite> <!-- Test.Test1_GoogleSearch -->
