<?xml version="1.0" encoding="UTF-8"?>
<!-- Generated by org.testng.reporters.JUnitReportReporter -->
<testsuite hostname="user-PC" failures="0" tests="2" name="Test.ExtentReportDemoWithTestNG" time="2.690" errors="0" timestamp="2019-08-30T23:20:46 BST" skipped="0">
  <testcase classname="Test.ExtentReportDemoWithTestNG" name="test1" time="2.686"/>
  <testcase classname="Test.ExtentReportDemoWithTestNG" name="test2" time="0.004"/>
</testsuite> <!-- Test.ExtentReportDemoWithTestNG -->
